         w __deregister_frame_info
         w __gnu_Unwind_Find_exidx
         w __register_frame_info
         w __syscall_lock_close_recursive
         w userAppExit
         w userAppInit
00000000 00000802 B __ctru_dev_utf16_buf
00000000 b _TLS_MODULE_BASE_
00000000 a shift
00000804 00000401 B __ctru_dev_path_buf
00100000 A __start__
00100000 T _start
00100008 T __service_ptr
0010000c T __apt_appid
00100010 T __heap_size
00100014 T __linear_heap_size
00100018 T __system_arglist
0010001c T __system_runflags
00100020 t startup
00100058 t ClearMem
0010006c t ClrLoop
00100094 T _init
001000ac t .udivsi3_skip_div0_test
001000ac T __aeabi_uidiv
001000ac 000001ec T __udivsi3
00100298 00000020 T __aeabi_uidivmod
001002b8 00000004 W __aeabi_idiv0
001002b8 00000004 W __aeabi_ldiv0
001002bc T __aeabi_drsub
001002c4 000002b0 T __aeabi_dsub
001002c4 000002b0 T __subdf3
001002c8 000002ac T __adddf3
001002c8 000002ac T __aeabi_dadd
00100574 00000024 T __aeabi_ui2d
00100574 00000024 T __floatunsidf
00100598 00000028 T __aeabi_i2d
00100598 00000028 T __floatsidf
001005c0 00000048 T __aeabi_f2d
001005c0 00000048 T __extendsfdf2
00100608 00000074 T __aeabi_ul2d
00100608 00000074 T __floatundidf
0010061c 00000060 T __aeabi_l2d
0010061c 00000060 T __floatdidf
0010067c T __aeabi_ldivmod
00100750 00000014 T __restore_core_regs
00100750 00000014 T restore_core_regs
00100764 T __gnu_Unwind_Restore_VFP
0010076c T __gnu_Unwind_Save_VFP
00100774 T __gnu_Unwind_Restore_VFP_D
0010077c T __gnu_Unwind_Save_VFP_D
00100784 T __gnu_Unwind_Restore_VFP_D_16_to_31
0010078c T __gnu_Unwind_Save_VFP_D_16_to_31
00100794 T __gnu_Unwind_Restore_WMMXD
001007d8 T __gnu_Unwind_Save_WMMXD
0010081c T __gnu_Unwind_Restore_WMMXC
00100830 T __gnu_Unwind_Save_WMMXC
00100844 00000024 T ___Unwind_RaiseException
00100844 00000024 T _Unwind_RaiseException
00100868 00000024 T ___Unwind_Resume
00100868 00000024 T _Unwind_Resume
0010088c 00000024 T ___Unwind_Resume_or_Rethrow
0010088c 00000024 T _Unwind_Resume_or_Rethrow
001008b0 00000024 T ___Unwind_ForcedUnwind
001008b0 00000024 T _Unwind_ForcedUnwind
001008d4 00000024 T ___Unwind_Backtrace
001008d4 00000024 T _Unwind_Backtrace
00100908 00000390 T strcmp
00100c90 t __do_global_dtors_aux
00100cd0 t frame_dummy
00100cfc 00000124 W void std::vector<unsigned int, std::allocator<unsigned int> >::_M_realloc_insert<unsigned int const&>(__gnu_cxx::__normal_iterator<unsigned int*, std::vector<unsigned int, std::allocator<unsigned int> > >, unsigned int const&)
00100e20 00000538 T main
00101358 0000001c t _GLOBAL__sub_I_main
00101374 00000018 t _GLOBAL__sub_D_main
0010138c 00000044 t C2Di_FrameEndHook
001013d0 0000036c T C2D_Init
0010173c 0000004c T C2D_Fini
00101788 000000b8 T C2D_Prepare
00101840 00000048 T C2D_Flush
00101888 00000104 T C2D_SceneSize
0010198c 00000064 T C2D_TargetClear
001019f0 0000013c T C2Di_CalcQuad
00101b2c 00000058 T C2Di_AppendQuad
00101b84 00000550 T C2Di_Update
001020d4 000002b0 T C2D_DrawImage
00102384 0000006c T C2D_SpriteSheetLoadFromHandle
001023f0 00000048 T C2D_SpriteSheetLoad
00102438 00000028 T C2D_SpriteSheetFree
00102460 00000008 T C2D_SpriteSheetCount
00102468 0000002c T C2D_SpriteSheetGetImage
00102494 00000004 W C3Di_LightEnvUpdate
00102498 00000004 W C3Di_LightEnvDirty
0010249c 000000b4 t C3Di_AptEventHook
00102550 00000004 W C3Di_GasUpdate
00102554 000001e0 T C3D_Init
00102734 00000098 T C3D_SetViewport
001027cc 000004e8 T C3Di_UpdateContext
00102cb4 000000e0 T C3Di_SplitFrame
00102d94 00000044 T C3D_Fini
00102dd8 00000114 T C3D_BindProgram
00102eec 0000004c t onVBlank0
00102f38 0000004c t onVBlank1
00102f84 00000080 t C3Di_RenderTargetDestroy
00103004 000000f4 t onQueueFinish
001030f8 00000038 T C3Di_RenderQueueEnableVBlank
00103130 00000030 T C3Di_RenderQueueDisableVBlank
00103160 00000060 T C3Di_RenderQueueInit
001031c0 000000b0 T C3Di_RenderQueueExit
00103270 00000034 T C3Di_RenderQueueWaitDone
001032a4 000000e4 T C3D_FrameBegin
00103388 00000048 T C3D_FrameDrawOn
001033d0 00000058 T C3D_FrameSplit
00103428 000001d8 T C3D_FrameEnd
00103600 0000001c T C3D_FrameEndHook
0010361c 00000184 T C3D_RenderTargetCreate
001037a0 000000a8 T C3D_RenderTargetSetOutput
00103848 000000fc T C3D_SyncTextureCopy
00103944 00000294 T C3D_TexInitWithParams
00103bd8 000000c8 T C3D_TexLoadImage
00103ca0 00000044 T C3D_TexBind
00103ce4 00000074 T C3D_TexDelete
00103d58 0000016c T C3Di_SetTex
00103ec4 000003f4 t Tex3DSi_ImportCommon
001042b8 00000038 T Tex3DS_TextureImportStdio
001042f0 00000008 T Tex3DS_GetNumSubTextures
001042f8 0000001c T Tex3DS_GetSubTexture
00104314 00000004 T Tex3DS_TextureFree
00104318 0000001c T C3D_CalcColorBufSize
00104334 0000001c T C3D_CalcDepthBufSize
00104350 00000044 T C3D_SetFrameBuf
00104394 0000016c T C3Di_FrameBufBind
00104500 000000c8 T C3D_FrameBufClear
001045c8 00000044 T C3D_FrameBufTransfer
0010460c 00000034 T C3D_GetTexEnv
00104640 00000024 T C3Di_TexEnvBind
00104664 00000218 T C3D_DrawElements
0010487c 00000070 T C3D_ProcTexInit
001048ec 00000054 T C3D_ProcTexBind
00104940 0000005c T C3D_ProcTexLutBind
0010499c 000000a4 T ProcTexLut_FromArray
00104a40 0000017c T C3Di_ProcTexUpdate
00104bbc 00000068 T C3Di_ProcTexDirty
00104c24 00000024 T BufInfo_Init
00104c48 00000080 T BufInfo_Add
00104cc8 00000040 T C3D_SetBufInfo
00104d08 00000048 T C3Di_BufInfoBind
00104d50 00000040 T C3D_DepthMap
00104d90 0000001c T C3D_CullFace
00104dac 00000040 T C3D_StencilTest
00104dec 00000024 T C3D_StencilOp
00104e10 0000001c T C3D_BlendingColor
00104e2c 00000024 T C3D_EarlyDepthTest
00104e50 0000002c T C3D_DepthTest
00104e7c 0000002c T C3D_AlphaTest
00104ea8 00000050 T C3D_AlphaBlend
00104ef8 00000030 T C3D_FragOpMode
00104f28 00000044 T C3D_FragOpShadow
00104f6c 000001ac T C3Di_EffectBind
00105118 00000028 T AttrInfo_Init
00105140 00000094 T AttrInfo_AddLoader
001051d4 00000054 T C3D_SetAttrInfo
00105228 00000080 T C3Di_AttrInfoBind
001052a8 000000a8 T C3D_ImmSendAttrib
00105350 00000280 T C3D_UpdateUniforms
001055d0 000000c0 T C3Di_DirtyUniforms
00105690 000000d8 T C3Di_LoadShaderUniforms
00105768 00000028 T C3Di_ClearShaderUniforms
00105790 000000cc T Mtx_Ortho
0010585c 000000cc T Mtx_OrthoTilt
00105928 00000024 t addrMapNodeComparator(rbtree_node const*, rbtree_node const*)
0010594c 00000004 t addrMapNodeDestructor(rbtree_node*)
00105950 00000250 T vramMemAlignAt
00105ba0 0000000c T vramAlloc
00105bac 0000000c T vramAllocAt
00105bb8 00000090 T vramFree
00105c48 00000024 t addrMapNodeComparator(rbtree_node const*, rbtree_node const*)
00105c6c 00000004 t addrMapNodeDestructor(rbtree_node*)
00105c70 00000120 T linearMemAlign
00105d90 00000008 T linearAlloc
00105d98 0000005c T linearFree
00105df4 00000080 T MemPool::CoalesceRight(MemBlock*)
00105e74 0000016c T MemPool::Allocate(MemChunk&, unsigned long, int)
00105fe0 000000fc T MemPool::Deallocate(MemChunk const&)
001060dc 00000030 T MemPool::GetFreeSpace()
0010610c 00000008 t romfs_close
00106114 000000c0 t romfs_seek
001061d4 00000024 t romfs_dirreset
001061f8 000000c8 t fill_dir
001062c0 0000028c t romfs_dirnext
0010654c 00000084 t romfs_free
001065d0 000000d4 t searchForFile.constprop.0
001066a4 000000d8 t searchForDir.constprop.0
0010677c 000001c0 t navigateToDir.constprop.0
0010693c 0000010c t romfs_open
00106a48 0000004c t romfs_chdir
00106a94 00000070 t romfs_diropen
00106b04 00000174 t romfs_stat
00106c78 00000008 t romfs_dirclose
00106c80 00000084 t romfs_fstat
00106d04 000000d0 t romfs_read
00106dd4 0000028c T romfsMountFromFile
00107060 00000098 T romfsMountFromCurrentProcess
001070f8 00000260 T romfsMountSelf
00107358 000000a0 T romfsUnmount
001073f8 00000074 T osConvertVirtToPhys
0010746c 00000054 T osGetTimeRef
001074c0 000000ec T osGetTime
001075ac 00000034 T __ctru_speedup_config
001075e0 000000d0 t gfxPresentFramebuffer
001076b0 000000ec T gfxSetScreenFormat
0010779c 000000e0 T gfxInit
0010787c 00000010 T gfxInitDefault
0010788c 000000b4 T gfxExit
00107940 000000a0 T gfxGetFramebuffer
001079e0 00000030 T gfxScreenSwapBuffers
00107a10 000001d4 T shaderInstanceInit
00107be4 00000018 T shaderInstanceGetUniformLocation
00107bfc 0000001c T shaderProgramInit
00107c18 00000064 T shaderProgramFree
00107c7c 00000080 T shaderProgramSetVsh
00107cfc 000008e0 T shaderProgramConfigure
001085dc 000001cc t DVLE_GenerateOutmap.part.0
001087a8 000001b4 T DVLB_ParseFile
0010895c 00000038 T DVLB_Free
00108994 00000074 T DVLE_GetUniformRegister
00108a08 00000010 T GX_BindQueue
00108a18 00000078 T GX_ProcessCommandList
00108a90 00000074 T GX_MemoryFill
00108b04 00000070 T GX_DisplayTransfer
00108b74 00000074 T GX_TextureCopy
00108be8 00000068 t gxCmdQueueDoCommands.part.0
00108c50 000000c8 T gxCmdQueueInterrupt
00108d18 0000004c T gxCmdQueueClear
00108d64 000000f8 T gxCmdQueueAdd
00108e5c 00000080 T gxCmdQueueRun
00108edc 00000060 T gxCmdQueueStop
00108f3c 00000074 T gxCmdQueueWait
00108fb0 0000013c T GPUCMD_Add
001090ec 000000b0 T GPUCMD_Split
0010919c 00000034 T f32tof16
001091d0 00000034 T f32tof24
00109204 00000038 T f32tof31
0010923c 00000c58 t gspHardwareInit
00109e94 00000248 T gspInit
0010a0dc 000000f0 T gspExit
0010a1cc 00000010 T gspHasGpuRight
0010a1dc 000000a0 T gspPresentBuffer
0010a27c 00000030 T gspSetEventCallback
0010a2ac 00000044 T gspWaitForEvent
0010a2f0 0000004c T gspWaitForAnyEvent
0010a33c 00000158 t gspEventThreadMain
0010a494 00000130 T gspSubmitGxCommand
0010a5c4 00000050 T GSPGPU_FlushDataCache
0010a614 00000034 T GSPGPU_SetLcdForceBlack
0010a648 00000068 T GSPGPU_AcquireRight
0010a6b0 00000048 T GSPGPU_ReleaseRight
0010a6f8 0000007c T GSPGPU_ImportDisplayCaptureInfo
0010a774 0000002c T GSPGPU_SaveVramSysArea
0010a7a0 0000002c T GSPGPU_RestoreVramSysArea
0010a7cc 000001a4 t aptConvertScreenForCapture
0010a970 00000008 W aptDspSleep
0010a978 00000004 W aptDspWakeup
0010a97c 00000004 W aptDspCancel
0010a980 00000158 T aptSendCommand
0010aad8 00000044 t aptExitProcess
0010ab1c 000003b0 T aptExit
0010aecc 000000e0 T aptHandleSleep
0010afac 00000030 T aptHook
0010afdc 00000030 T aptUnhook
0010b00c 00000084 T APT_SleepIfShellClosed
0010b090 00000084 T aptSetSleepAllowed
0010b114 00000084 T APT_UnlockTransition
0010b198 000004a4 t aptEventHandler
0010b63c 000000b0 T APT_ReceiveParameter
0010b6ec 000000b0 t aptReceiveParameter.constprop.0
0010b7a0 000002ac t aptScreenTransfer
0010ba4c 00000344 t aptWaitForWakeUp.isra.0
0010bd90 00000100 T aptJumpToHomeMenu
0010be90 00000048 T aptMainLoop
0010bed8 0000022c T aptInit
0010c104 0000007c T APT_CheckNew3DS
0010c180 00000024 W hidShouldUseIrrst
0010c1a4 0000018c T hidInit
0010c330 000000e8 T hidExit
0010c418 000002a4 T hidScanInput
0010c6bc 00000010 T hidKeysDown
0010c6cc 00000018 T hidTouchRead
0010c6e4 00000074 T ptmSysmInit
0010c758 0000003c T ptmSysmExit
0010c794 00000034 T PTMSYSM_ConfigureNew3DSCPU
0010c7c8 000000cc T fsInit
0010c894 0000003c T fsExit
0010c8d0 00000060 T fsExemptFromSession
0010c930 00000050 T fsUnexemptFromSession
0010c980 000000cc T FSUSER_OpenFile
0010ca4c 000000d4 T FSUSER_OpenFileDirectly
0010cb20 000000bc T FSUSER_DeleteFile
0010cbdc 000000f8 T FSUSER_RenameFile
0010ccd4 000000bc T FSUSER_DeleteDirectory
0010cd90 000000d4 T FSUSER_CreateFile
0010ce64 000000c4 T FSUSER_CreateDirectory
0010cf28 000000f8 T FSUSER_RenameDirectory
0010d020 000000b4 T FSUSER_OpenDirectory
0010d0d4 00000098 T FSUSER_OpenArchive
0010d16c 0000008c T FSUSER_CloseArchive
0010d1f8 00000074 T FSUSER_GetSdmcArchiveResource
0010d26c 00000064 T FSUSER_IsSdmcWritable
0010d2d0 00000058 T FSFILE_Read
0010d328 00000060 T FSFILE_Write
0010d388 0000003c T FSFILE_GetSize
0010d3c4 00000028 T FSFILE_SetSize
0010d3ec 0000003c T FSFILE_Close
0010d428 00000024 T FSFILE_Flush
0010d44c 00000050 T FSDIR_Read
0010d49c 0000003c T FSDIR_Close
0010d4d8 000000c4 t buffer_read
0010d59c 000000d0 t iov_read
0010d66c 00000138 t iov_memmove
0010d7a4 000001dc t decompress_rle
0010d980 00000244 t decompress_lzss
0010dbc4 00000424 t decompress_lz11
0010dfe8 000002d8 t decompress_huff
0010e2c0 00000010 T decompressCallback_Stdio
0010e2d0 000000dc T decompressHeader
0010e3ac 00000240 T decompressV
0010e5ec 00000010 T rbtree_init
0010e5fc 000001b4 t do_insert
0010e7b0 00000008 T rbtree_insert
0010e7b8 00000090 T rbtree_rotate
0010e848 00000318 T rbtree_remove
0010eb60 00000074 T rbtree_find
0010ebd4 000000e8 T utf16_to_utf8
0010ecbc 00000064 T decode_utf16
0010ed20 000000c0 T utf8_to_utf16
0010ede0 000001e0 W __system_allocateHeaps
0010efc0 00000038 W __libctru_init
0010eff8 00000170 W __system_initArgv
0010f168 T svcControlMemory
0010f188 T svcQueryMemory
0010f1b8 T svcExitProcess
0010f1c0 T svcCreateThread
0010f1e0 T svcExitThread
0010f1e8 T svcSleepThread
0010f1f0 T svcReleaseMutex
0010f1f8 T svcCreateEvent
0010f20c T svcSignalEvent
0010f214 T svcClearEvent
0010f21c T svcMapMemoryBlock
0010f224 T svcUnmapMemoryBlock
0010f22c T svcCreateAddressArbiter
0010f240 T svcArbitrateAddressNoTimeout
0010f248 T svcCloseHandle
0010f250 T svcWaitSynchronization
0010f258 T svcWaitSynchronizationN
0010f280 T svcDuplicateHandle
0010f294 T svcGetSystemTick
0010f29c T svcConnectToPort
0010f2b0 T svcSendSyncRequest
0010f2b8 T svcGetResourceLimit
0010f2cc T svcGetResourceLimitLimitValues
0010f2d4 T svcGetResourceLimitCurrentValues
0010f2dc T svcBreak
0010f2e4 W initSystem
0010f334 W __ctru_exit
0010f34c T __aeabi_read_tp
0010f358 0000000c T __sync_init
0010f364 00000018 T __sync_fini
0010f37c 0000002c T syncArbitrateAddress
0010f3a8 000000b0 T LightLock_Lock
0010f458 00000040 T LightLock_Unlock
0010f498 00000024 T RecursiveLock_Init
0010f4bc 00000030 T RecursiveLock_Lock
0010f4ec 00000054 T RecursiveLock_Unlock
0010f540 00000040 T LightEvent_Init
0010f580 000000a4 T LightEvent_Clear
0010f624 000000c8 T LightEvent_Signal
0010f6ec 00000050 T LightEvent_TryWait
0010f73c 000000b0 T LightEvent_Wait
0010f7ec 00000084 W envGetHandle
0010f870 00000050 W envDestroyHandles
0010f8c0 00000130 T srvInit
0010f9f0 00000058 T srvExit
0010fa48 00000060 T srvEnableNotification
0010faa8 000000a0 T srvGetServiceHandleDirect
0010fb48 00000038 T srvGetServiceHandle
0010fb80 00000034 T srvSubscribe
0010fbb4 00000060 T srvReceiveNotification
0010fc14 00000038 T srvPublishToSubscriber
0010fc4c 000001d0 T threadCreate
0010fe1c 0000002c T threadFree
0010fe48 00000024 T threadJoin
0010fe6c 00000030 T threadGetCurrent
0010fe9c 00000040 T threadExit
0010fedc 00000020 t _thread_begin
0010fefc 000000b4 t mappableFindAddressWithin
0010ffb0 00000028 T mappableInit
0010ffd8 00000080 T mappableAlloc
00110058 00000004 T mappableFree
0011005c 00000164 T irrstInit
001101c0 000000cc T irrstExit
0011028c 000000b4 T irrstScanInput
00110340 00000024 T irrstKeysHeld
00110364 0000000c T srvPmGetSessionHandle
00110370 0000005c T rbtree_node_next
001103cc 00000054 T encode_utf16
00110420 000000e0 T encode_utf8
00110500 0000013c T decode_utf8
0011063c 00000030 W __appInit
0011066c 00000030 T __syscall_getreent
0011069c 00000064 T __syscall_gettod_r
00110700 00000004 T __syscall_lock_acquire
00110704 00000004 T __syscall_lock_release
00110708 00000004 T __syscall_lock_init_recursive
0011070c 00000004 T __syscall_lock_acquire_recursive
00110710 00000004 T __syscall_lock_release_recursive
00110714 00000004 T __syscall_exit
00110718 00000050 T initThreadVars
00110768 00000080 T __system_initSyscalls
001107e8 00000030 W __appExit
00110818 00000090 W __libctru_exit
001108a8 00000014 t archive_link
001108bc 00000014 t archive_dirreset
001108d0 00000014 t archive_chmod
001108e4 00000024 t error_cmp
00110908 00000050 t archive_translate_error
00110958 000000c8 t archive_seek
00110a20 0000007c t _archiveInit.part.0
00110a9c 000000c4 t archiveFindDevice.part.0
00110b60 0000025c t archive_utf16path
00110dbc 000000a0 t _archiveUnmountDeviceStruct.part.0
00110e5c 00000014 t archive_fchmod
00110e70 00000014 t archive_statvfs
00110e84 00000164 t _archiveMountDevice
00110fe8 000000e8 t archive_diropen
001110d0 000000a4 t archive_fstat
00111174 0000006c t archive_close
001111e0 0000006c t archive_fsync
0011124c 00000070 t archive_dirclose
001112bc 000000e8 t sdmc_statvfs
001113a4 000000ec t archive_chdir
00111490 0000007c t archive_ftruncate
0011150c 000000ac t archive_read
001115b8 000000a4 t archive_unlink
0011165c 000000bc t archive_rmdir
00111718 000000dc t archive_mkdir
001117f4 0000019c t archive_stat
00111990 0000015c t archive_dirnext
00111aec 000000ec t archive_write
00111bd8 000001d4 t archive_open
00111dac 00000278 t archive_rename
00112024 0000019c T archiveMountSdmc
001121c0 00000054 T archiveUnmountAll
00112214 00000004 T operator delete(void*)
00112218 0000005c T operator new(unsigned int)
00112274 00000040 T std::__throw_logic_error(char const*)
001122b4 00000040 T std::__throw_length_error(char const*)
001122f4 0000000c T std::bad_alloc::what() const
00112300 00000020 T std::bad_alloc::~bad_alloc()
00112300 00000020 T std::bad_alloc::~bad_alloc()
00112320 0000002c T std::bad_alloc::~bad_alloc()
0011234c 00000004 T operator delete(void*, unsigned int)
00112350 000000c8 t (anonymous namespace)::pool::free(void*) [clone .constprop.0]
00112418 00000098 t (anonymous namespace)::pool::allocate(unsigned int) [clone .constprop.0]
001124b0 00000044 T __cxa_allocate_exception
001124f4 00000030 T __cxa_free_exception
00112524 0000003c t _GLOBAL__sub_I__ZN9__gnu_cxx9__freeresEv
00112560 T __cxa_end_cleanup
00112570 0000012c T __cxa_type_match
0011269c 000000b4 T __cxa_begin_cleanup
00112750 000000b4 T __gnu_end_cleanup
00112804 00000004 T std::exception::~exception()
00112804 00000004 T std::exception::~exception()
00112808 00000004 T std::bad_exception::~bad_exception()
00112808 00000004 T std::bad_exception::~bad_exception()
0011280c 0000000c T transaction clone for std::bad_exception::what() const
0011280c 0000000c T std::bad_exception::what() const
00112818 00000018 T std::bad_exception::~bad_exception()
00112830 0000000c T __cxa_get_globals_fast
0011283c 0000000c T __cxa_get_globals
00112848 0000016c t read_encoded_value_with_base(unsigned char, unsigned int, unsigned char const*, unsigned int*)
001129b4 00000058 t base_of_encoded_value(unsigned char, _Unwind_Context*)
00112a0c 000000d8 t parse_lsda_header(_Unwind_Context*, unsigned char const*, lsda_header_info*)
00112ae4 000006c8 T __gxx_personality_v0
001131ac 00000014 T __cxxabiv1::__terminate(void (*)())
001131c0 00000018 T std::terminate()
001131d8 0000000c T __cxxabiv1::__unexpected(void (*)())
001131e4 00000018 T std::unexpected()
001131fc 00000014 T std::get_terminate()
00113210 00000014 T std::get_unexpected()
00113224 00000060 t __gxx_exception_cleanup(_Unwind_Reason_Code, _Unwind_Control_Block*)
00113284 00000058 T __cxa_init_primary_exception
001132dc 00000054 T __cxa_throw
00113330 000000b0 T __cxa_rethrow
001133e0 00000014 T std::get_new_handler()
001133f4 00000020 T __cxxabiv1::__si_class_type_info::~__si_class_type_info()
001133f4 00000020 T __cxxabiv1::__si_class_type_info::~__si_class_type_info()
00113414 0000002c T __cxxabiv1::__si_class_type_info::~__si_class_type_info()
00113440 0000006c T __cxxabiv1::__si_class_type_info::__do_find_public_src(int, void const*, __cxxabiv1::__class_type_info const*, void const*) const
001134ac 000000dc T __cxxabiv1::__si_class_type_info::__do_dyncast(int, __cxxabiv1::__class_type_info::__sub_kind, __cxxabiv1::__class_type_info const*, void const*, __cxxabiv1::__class_type_info const*, void const*, __cxxabiv1::__class_type_info::__dyncast_result&) const
00113588 00000044 T __cxxabiv1::__si_class_type_info::__do_upcast(__cxxabiv1::__class_type_info const*, void const*, __cxxabiv1::__class_type_info::__upcast_result&) const
001135cc 00000004 T std::type_info::~type_info()
001135cc 00000004 T std::type_info::~type_info()
001135d0 00000008 T std::type_info::__is_pointer_p() const
001135d0 00000008 T std::type_info::__is_function_p() const
001135d8 0000004c T std::type_info::__equal(std::type_info const&) const
001135d8 0000004c T std::type_info::operator==(std::type_info const&) const
00113624 00000008 T std::logic_error::what() const
00113624 00000008 T std::runtime_error::what() const
0011362c 00000064 T std::logic_error::~logic_error()
0011362c 00000064 T std::logic_error::~logic_error()
00113690 00000064 T std::length_error::~length_error()
00113690 00000064 T std::length_error::~length_error()
001136f4 0000006c T std::logic_error::~logic_error()
00113760 0000006c T std::length_error::~length_error()
001137cc 000000d4 T std::logic_error::logic_error(char const*)
001137cc 000000d4 T std::logic_error::logic_error(char const*)
001138a0 00000020 T std::length_error::length_error(char const*)
001138a0 00000020 T std::length_error::length_error(char const*)
001138c0 0000008c W std::string::_Rep::_S_create(unsigned int, unsigned int, std::allocator<char> const&)
0011394c 00000004 W std::string::_Rep::_M_destroy(std::allocator<char> const&)
00113950 0000005c T __cxxabiv1::__class_type_info::__do_upcast(__cxxabiv1::__class_type_info const*, void**) const
001139ac 00000014 T __cxxabiv1::__class_type_info::__do_find_public_src(int, void const*, __cxxabiv1::__class_type_info const*, void const*) const
001139c0 00000020 T __cxxabiv1::__class_type_info::~__class_type_info()
001139c0 00000020 T __cxxabiv1::__class_type_info::~__class_type_info()
001139e0 0000002c T __cxxabiv1::__class_type_info::~__class_type_info()
00113a0c 00000068 T __cxxabiv1::__class_type_info::__do_dyncast(int, __cxxabiv1::__class_type_info::__sub_kind, __cxxabiv1::__class_type_info const*, void const*, __cxxabiv1::__class_type_info const*, void const*, __cxxabiv1::__class_type_info::__dyncast_result&) const
00113a74 0000002c T __cxxabiv1::__class_type_info::__do_upcast(__cxxabiv1::__class_type_info const*, void const*, __cxxabiv1::__class_type_info::__upcast_result&) const
00113aa0 00000044 T __cxxabiv1::__class_type_info::__do_catch(std::type_info const*, void**, unsigned int) const
00113ae4 00000070 t __cxxabiv1::__is_gxx_exception_class(char*)
00113b54 0000002c T __cxa_call_terminate
00113b80 00000138 T __cxa_call_unexpected
00113cb8 000000cc T __cxa_begin_catch
00113d84 000000e0 T __cxa_end_catch
00113e68 0000022c T cosf
00114094 00000024 t with_errnof
001140b8 0000001c T __math_invalidf
001140d8 0000024c T sinf
00114324 00000120 T __udivmoddi4
00114444 00000018 t selfrel_offset31
0011445c 00000090 t search_EIT_table
001144ec 00000040 t __gnu_unwind_get_pr_addr
0011452c 000000f4 t get_eit_entry
00114620 00000088 t restore_non_core_regs
001146a8 00000014 t _Unwind_decode_typeinfo_ptr.constprop.0
001146bc 00000004 t _Unwind_DebugHook
001146c0 00000064 t unwind_phase2
00114724 00000140 t unwind_phase2_forced
00114864 000000a4 T __gnu_Unwind_RaiseException
00114908 00000028 T __gnu_Unwind_ForcedUnwind
00114930 00000074 T __gnu_Unwind_Resume
001149a4 00000020 T __gnu_Unwind_Resume_or_Rethrow
001149c4 00000004 T _Unwind_Complete
001149c8 00000018 T _Unwind_DeleteException
001149e0 0000005c T _Unwind_VRS_Get
00114a3c 0000002c t _Unwind_GetGR
00114a68 0000005c T _Unwind_VRS_Set
00114ac4 0000002c t _Unwind_SetGR
00114af0 000000c0 T __gnu_Unwind_Backtrace
00114bb0 00000414 t __gnu_unwind_pr_common
00114fc4 00000008 T __aeabi_unwind_cpp_pr0
00114fcc 00000008 W __aeabi_unwind_cpp_pr1
00114fd4 00000008 W __aeabi_unwind_cpp_pr2
00114fdc 000003dc T _Unwind_VRS_Pop
001153b8 00000064 t next_unwind_byte
0011541c 0000002c t _Unwind_GetGR.constprop.0
00115448 00000004 t unwind_UCB_from_context
0011544c 00000418 T __gnu_unwind_execute
00115864 00000048 T __gnu_unwind_frame
001158ac 00000010 T _Unwind_GetRegionStart
001158bc 0000001c T _Unwind_GetLanguageSpecificData
001158d8 00000008 T _Unwind_GetDataRelBase
001158e0 00000008 T _Unwind_GetTextRelBase
001158e8 00000014 T abort
001158fc 00000078 T bsearch
00115974 00000020 T calloc
00115994 000000c0 T _calloc_r
00115a54 0000000c T __errno
00115a60 00000034 T exit
00115a94 0000015c T _fclose_r
00115bf0 00000018 T fclose
00115c08 00000234 T __sflush_r
00115e3c 00000094 T _fflush_r
00115ed0 00000038 T fflush
00115f08 0000000c T _cleanup_r
00115f14 00000184 T __sinit
00116098 00000134 T __sfp
001161cc 0000000c T __sfp_lock_acquire
001161d8 0000000c T __sfp_lock_release
001161e4 0000003c T __libc_fini_array
00116220 00000134 T _fopen_r
00116354 00000020 T fopen
00116374 000002d0 T _fread_r
00116644 00000038 T fread
0011667c 000000f8 T _malloc_trim_r
00116774 000002e8 T _free_r
00116a5c 0000001c T _fseek_r
00116a78 00000590 T _fseeko_r
00117008 00000068 T _fwalk
00117070 00000070 T _fwalk_reent
001170e0 00000084 T __libc_init_array
00117164 00000138 T __smakebuf_r
0011729c 0000008c T __swhatbuf_r
00117328 00000020 T memalign
00117348 0000014c T _memalign_r
00117494 00000018 T malloc
001174ac 00000018 T free
001174c4 000007e4 T _malloc_r
00117ca8 000000b0 T memcmp
00117d58 00000118 T memcpy
00117e70 00000150 T memmove
00117fc0 000000f4 T memset
001180b4 0000000c T __malloc_lock
001180c0 0000000c T __malloc_unlock
001180cc 0000001c T srand
001180e8 00000044 T rand
0011812c 0000001c t lflush
00118148 00000198 T __srefill_r
001182e0 0000025c T setvbuf
0011853c 00000090 T _raise_r
001185cc 00000018 T raise
001185e4 00000044 T __sread
00118628 00000068 T __swrite
00118690 00000044 T __sseek
001186d4 00000008 T __sclose
001186dc 00000130 T strchr
0011880c 0000005c T strlen
00118868 000000e4 T strncat
0011894c 000000e4 T strncmp
00118a30 000000c4 T strncpy
00118af4 00000048 T strnlen
00118b3c 000001c4 t _strtoul_l.constprop.0
00118d00 00000028 T strtoul
00118d28 0000003c T time
00118d64 00000114 T __call_exitprocs
00118e78 000000c8 T __sflags
00118f40 00000008 t null_write
00118f48 00000018 T setDefaultDevice
00118f60 000000c8 T FindDevice
00119028 00000028 T RemoveDevice
00119050 0000009c T AddDevice
001190ec 00000020 T GetDeviceOpTab
0011910c 00000078 T _fstat_r
00119184 00000014 T _getpid_r
00119198 00000030 T _gettimeofday_r
001191c8 00000008 T _isatty_r
001191d0 00000014 T _kill_r
001191e4 00000084 T _lseek_r
00119268 000000c0 T _open_r
00119328 00000080 T _read_r
001193a8 00000078 T _sbrk_r
00119420 00000080 T _write_r
001194a0 00000020 T _exit
001194c0 000001a4 T _concatenate_path
00119664 00000140 T chdir
001197a4 00000008 T __flockfile
001197ac 00000008 T __funlockfile
001197b4 0000008c T __release_handle
00119840 000000b0 T __alloc_handle
001198f0 0000003c T __get_handle
0011992c 000000f4 T _close_r
00119a20 0000002c T __getreent
00119a4c 0000001c T __libc_lock_acquire
00119a68 0000001c T __libc_lock_release
00119a84 0000001c T __libc_lock_init_recursive
00119aa0 0000001c T __libc_lock_acquire_recursive
00119abc 0000001c T __libc_lock_release_recursive
00119ad8 0000001c T __libc_lock_close_recursive
00119af4 00000048 T strrchr
00119b3c T _fini
0011a068 00000008 r s_defaultTint.0
0011a074 R render2d_shbin
0011a200 R render2d_shbin_end
0011a200 R render2d_shbin_size
0011a204 00000038 r CSWTCH.19
0011a23c 00000005 r colorFmtSizes
0011a244 00000004 r depthFmtSizes
0011a248 00000010 r CSWTCH.9
0011a27c 00000070 r romFS_devoptab
0011a310 00000008 r morton_y.2
0011a318 00000008 r morton_x.3
0011a320 00000008 r s_sleepWakeEvents.4
0011a384 00000030 r error_table
0011a3bc 00000070 r archive_devoptab
0011a43c 0000000d R typeinfo name for std::bad_alloc
0011a44c 0000000c R typeinfo for std::bad_alloc
0011a458 00000014 R vtable for std::bad_alloc
0011a480 0000000d R typeinfo name for std::exception
0011a490 00000008 R typeinfo for std::exception
0011a498 00000012 R typeinfo name for std::bad_exception
0011a4ac 0000000c R typeinfo for std::bad_exception
0011a4b8 00000020 R typeinfo name for __cxxabiv1::__forced_unwind
0011a4d8 00000008 R typeinfo for __cxxabiv1::__forced_unwind
0011a4e0 00000024 R typeinfo name for __cxxabiv1::__foreign_exception
0011a504 00000008 R typeinfo for __cxxabiv1::__foreign_exception
0011a50c 00000014 R vtable for std::bad_exception
0011a520 00000025 R typeinfo name for __cxxabiv1::__si_class_type_info
0011a548 0000000c R typeinfo for __cxxabiv1::__si_class_type_info
0011a554 0000002c R vtable for __cxxabiv1::__si_class_type_info
0011a580 0000000d R typeinfo name for std::type_info
0011a590 00000008 R typeinfo for std::type_info
0011a598 00000010 R typeinfo name for std::logic_error
0011a5a8 0000000c R typeinfo for std::logic_error
0011a5b4 00000011 R typeinfo name for std::length_error
0011a5c8 0000000c R typeinfo for std::length_error
0011a5d4 00000014 R vtable for std::logic_error
0011a5e8 00000014 R vtable for std::length_error
0011a640 00000022 R typeinfo name for __cxxabiv1::__class_type_info
0011a664 0000000c R typeinfo for __cxxabiv1::__class_type_info
0011a670 0000002c R vtable for __cxxabiv1::__class_type_info
0011a69c 00000060 R __inv_pio4
0011a700 000000e0 R __sincosf_table
0011a7e0 00000004 R _global_impure_ptr
0011a7e4 00000101 R _ctype_
0011a8e8 00000070 R dotab_stdnull
0011a958 R __tdata_align
0011a95c r 
0011aa08 R __exidx_start
0011ab98 R __exidx_end
0011b000 00000004 d framerate
0011b004 00000008 d framerateCounter
0011b00c 00000004 d queueLock
0011b010 00000004 d kCount
0011b014 00000004 d kInterval
0011b018 00000004 d kDelay
0011b01c W __stacksize__
0011b020 00000004 D __cxxabiv1::__unexpected_handler
0011b024 00000004 D __cxxabiv1::__terminate_handler
0011b028 00000004 D _impure_ptr
0011b030 00000460 d impure_data
0011b490 00000004 D __malloc_sbrk_base
0011b494 00000004 D __malloc_trim_threshold
0011b498 00000408 D __malloc_av_
0011b8a0 0000008c D devoptab_list
0011b92c 00000004 d defaultDevice
0011b930 00000400 d _current_working_directory
0011bd30 00001000 d handles
0011cd30 0000000c d __stderr_handle
0011cd3c 0000000c d __stdout_handle
0011cd48 0000000c d __stdin_handle
0011cd5c d _GLOBAL_OFFSET_TABLE_
0011cd68 d __frame_dummy_init_array_entry
0011cd68 D __init_array_start
0011cd68 B __preinit_array_end
0011cd68 B __preinit_array_start
0011cd68 D __tdata_lma
0011cd68 D __tdata_lma_end
0011cd74 d __do_global_dtors_aux_fini_array_entry
0011cd74 D __fini_array_start
0011cd74 D __init_array_end
0011cd7c D __bss_start__
0011cd7c D __fini_array_end
0011cd7c 00000004 b spriteSheet
0011cd80 0000000c b cartasRepartidas
0011cd8c 000002a0 b sprites
0011d02c b completed.1
0011d030 b object.0
0011d048 000005a8 B __C2Di_Context
0011d5f0 00000040 b s_projBot
0011d630 00000040 b s_projTop
0011d670 00000004 b uLoc_mdlvMtx
0011d674 00000004 b uLoc_projMtx
0011d678 000002d0 B __C3D_Context
0011d948 0000000c b hookCookie
0011d958 00000010 b cpuTime
0011d968 00000004 b firstTarget
0011d96c 00000008 b frameCounter
0011d974 00000004 b frameEndCb
0011d978 00000004 b frameEndCbData
0011d980 00000010 b gpuTime
0011d990 00000001 b inFrame
0011d991 00000001 b inSafeTransfer
0011d992 00000001 b isTopStereo
0011d994 00000004 b lastTarget
0011d998 0000000c b linkedTarget
0011d9a4 00000001 b measureGpuTime
0011d9a5 00000001 b needSwapBot
0011d9a6 00000001 b needSwapTop
0011d9a8 00000004 B C3D_BoolUnifs
0011d9ac 00000002 B C3D_BoolUnifsDirty
0011d9b0 00000c00 B C3D_FVUnif
0011e5b0 000000c0 B C3D_FVUnifDirty
0011e670 00000020 B C3D_IVUnif
0011e690 00000008 B C3D_IVUnifDirty
0011e698 000000c0 b C3Di_FVUnifEverDirty
0011e758 00000008 b C3Di_IVUnifEverDirty
0011e760 00000018 b C3Di_ShaderFVecData
0011e778 00000008 b sVramPoolB
0011e780 00000008 b sVramPoolA
0011e788 0000000c b sAddrMap
0011e798 00000008 b sLinearPool
0011e7a0 0000000c b sAddrMap
0011e7ac 00000004 b romfs_mount_list
0011e7b0 00000004 V __romfs_path
0011e7b4 00000001 V __ctru_speedup
0011e7b8 00000004 b screenAlloc
0011e7bc 00000004 b screenFree
0011e7c0 00000002 b gfxIsDoubleBuf
0011e7c4 00000002 b gfxCurBuf
0011e7c6 00000001 b gfxIsVram
0011e7c7 00000001 b gfxTopMode
0011e7c8 00000002 b gfxFramebufferFormats
0011e7cc 00000004 b gfxBottomFramebufferMaxSize
0011e7d0 00000004 b gfxTopFramebufferMaxSize
0011e7d8 00000008 b gfxBottomFramebuffers
0011e7e0 00000008 b gfxTopFramebuffers
0011e7e8 00000004 b boundQueue
0011e7ec 00000001 b shouldStop
0011e7ed 00000001 b isRunning
0011e7ee 00000001 b isActive
0011e7f0 00000004 b curQueue
0011e7f4 00000004 B gpuCmdBufOffset
0011e7f8 00000004 B gpuCmdBufSize
0011e7fc 00000004 B gpuCmdBuf
0011e800 00000007 b gspEventCbOneShot
0011e808 0000001c b gspEventCbData
0011e824 0000001c b gspEventCb
0011e840 00000038 b gspEvents
0011e878 00000004 b gspLastEvent
0011e87c 00000001 b gspRunEvents
0011e880 00000004 b gspEventThread
0011e884 00000004 b gspEvent
0011e888 00000001 b gspGpuRight
0011e889 00000001 b gspThreadId
0011e88c 00000004 b gspSharedMem
0011e890 00000004 b gspSharedMemHandle
0011e894 00000004 b gspRefCount
0011e898 00000004 b gspGpuHandle
0011e89c 00000001 b flagValue.0
0011e89d 00000001 b flagInit.1
0011e8a0 00000004 b serviceName.6
0011e8a4 00000001 b aptChainloadMediatype
0011e8a8 00000008 b aptChainloadTid
0011e8b0 00000001 b aptChainloadFlags
0011e8b4 00001000 b aptParameters
0011f8b4 00000004 b aptFlags
0011f8b8 00000001 b aptHomeButtonState
0011f8bc 00000004 b aptMessageFuncData
0011f8c0 00000004 b aptMessageFunc
0011f8c4 0000000c b aptFirstHook
0011f8d0 00000001 b aptEventHandlerThreadQuit
0011f8d4 00000004 b aptEventHandlerThread
0011f8d8 00000008 b aptSleepEvent
0011f8e0 00000008 b aptReceiveEvent
0011f8e8 00000008 b aptEvents
0011f8f0 00000004 b aptLockHandle
0011f8f4 00000004 b aptRefCount
0011f8f8 00000001 b usingIrrst
0011f8fc 00000004 b hidRefCount
0011f900 00000006 b gRate
0011f908 00000006 b aVec
0011f910 00000004 b cPos
0011f914 00000004 b tPos
0011f918 00000004 b kRepeat
0011f91c 00000004 b kUp
0011f920 00000004 b kDown
0011f924 00000004 b kHeld
0011f928 00000004 b kOld
0011f92c 00000004 B hidSharedMem
0011f930 00000014 B hidEvents
0011f944 00000004 B hidMemHandle
0011f948 00000004 B hidHandle
0011f94c 00000004 b ptmSysmRefCount
0011f950 00000004 b ptmSysmHandle
0011f958 00000080 b fsExemptArchives
0011f9d8 00000004 b fsuRefCount
0011f9dc 00000004 b fsuHandle
0011f9e0 00000004 V __ctru_linear_heap_size
0011f9e4 00000004 V __ctru_heap_size
0011f9e8 00000004 B __ctru_linear_heap
0011f9ec 00000004 B __ctru_heap
0011f9f0 00000004 B __system_retAddr
0011f9f4 00000004 B __system_argv
0011f9f8 00000004 B __system_argc
0011f9fc b saved_stack
0011fa04 00000004 b arbiter
0011fa08 00000004 B __3dslink_host
0011fa0c 00000004 b srvRefCount
0011fa10 00000004 b srvHandle
0011fa14 00000004 b currentAddr
0011fa18 00000004 b maxAddr
0011fa1c 00000004 b minAddr
0011fa20 00000004 b irrstRefCount
0011fa24 00000004 b csPos
0011fa28 00000004 b kHeld
0011fa2c 00000004 B irrstSharedMem
0011fa30 00000004 B irrstEvent
0011fa34 00000004 B irrstMemHandle
0011fa38 00000004 B irrstHandle
0011fa3c 00000004 b srvPmHandle
0011fa40 00000540 b archive_devices
0011ff80 00000004 b archive_device_cwd
0011ff84 00000001 b archive_initialized
0011ff88 00000010 b (anonymous namespace)::emergency_pool
0011ff98 0000000c b (anonymous namespace)::eh_globals
0011ffa4 00000004 b (anonymous namespace)::__new_handler
0011ffa8 00000010 V std::string::_Rep::_S_empty_rep_storage
0011ffb8 0000000c b __sinit_recursive_mutex
0011ffc4 0000000c b __sfp_recursive_mutex
0011ffd0 00000028 B __malloc_current_mallinfo
0011fff8 00000004 B __malloc_max_total_mem
0011fffc 00000004 B __malloc_max_sbrked_mem
00120000 00000004 B __malloc_top_pad
00120004 0000000c b __malloc_recursive_mutex
00120010 0000000c B __atexit_recursive_mutex
0012001c 00000004 b heap_start.0
00120020 00000004 B fake_heap_start
00120024 00000004 B fake_heap_end
00120028 00000400 b temp_cwd
00120428 00000004 b __hndl_lock
0012042c B __tls_start
00121034 B __bss_end__
00121034 A __end__
00121034 B __tls_end
