         w __deregister_frame_info
         w __gnu_Unwind_Find_exidx
         w __register_frame_info
         w __syscall_lock_close_recursive
         w userAppExit
         w userAppInit
00000000 00000802 B __ctru_dev_utf16_buf
00000000 b _TLS_MODULE_BASE_
00000000 a shift
00000000 a shift
00000804 00000401 B __ctru_dev_path_buf
00100000 A __start__
00100000 T _start
00100008 T __service_ptr
0010000c T __apt_appid
00100010 T __heap_size
00100014 T __linear_heap_size
00100018 T __system_arglist
0010001c T __system_runflags
00100020 t startup
00100058 t ClearMem
0010006c t ClrLoop
00100094 T _init
001000ac t .udivsi3_skip_div0_test
001000ac T __aeabi_uidiv
001000ac 000001ec T __udivsi3
00100298 00000020 T __aeabi_uidivmod
001002b8 T __aeabi_idiv
001002b8 00000220 T __divsi3
001002c0 t .divsi3_skip_div0_test
001004d8 00000020 T __aeabi_idivmod
001004f8 00000004 W __aeabi_idiv0
001004f8 00000004 W __aeabi_ldiv0
001004fc T __aeabi_drsub
00100504 000002b0 T __aeabi_dsub
00100504 000002b0 T __subdf3
00100508 000002ac T __adddf3
00100508 000002ac T __aeabi_dadd
001007b4 00000024 T __aeabi_ui2d
001007b4 00000024 T __floatunsidf
001007d8 00000028 T __aeabi_i2d
001007d8 00000028 T __floatsidf
00100800 00000048 T __aeabi_f2d
00100800 00000048 T __extendsfdf2
00100848 00000074 T __aeabi_ul2d
00100848 00000074 T __floatundidf
0010085c 00000060 T __aeabi_l2d
0010085c 00000060 T __floatdidf
001008bc T __aeabi_ldivmod
00100990 T __aeabi_uldivmod
001009cc 00000014 T __restore_core_regs
001009cc 00000014 T restore_core_regs
001009e0 T __gnu_Unwind_Restore_VFP
001009e8 T __gnu_Unwind_Save_VFP
001009f0 T __gnu_Unwind_Restore_VFP_D
001009f8 T __gnu_Unwind_Save_VFP_D
00100a00 T __gnu_Unwind_Restore_VFP_D_16_to_31
00100a08 T __gnu_Unwind_Save_VFP_D_16_to_31
00100a10 T __gnu_Unwind_Restore_WMMXD
00100a54 T __gnu_Unwind_Save_WMMXD
00100a98 T __gnu_Unwind_Restore_WMMXC
00100aac T __gnu_Unwind_Save_WMMXC
00100ac0 00000024 T ___Unwind_RaiseException
00100ac0 00000024 T _Unwind_RaiseException
00100ae4 00000024 T ___Unwind_Resume
00100ae4 00000024 T _Unwind_Resume
00100b08 00000024 T ___Unwind_Resume_or_Rethrow
00100b08 00000024 T _Unwind_Resume_or_Rethrow
00100b2c 00000024 T ___Unwind_ForcedUnwind
00100b2c 00000024 T _Unwind_ForcedUnwind
00100b50 00000024 T ___Unwind_Backtrace
00100b50 00000024 T _Unwind_Backtrace
00100b88 00000390 T strcmp
00100f10 t __do_global_dtors_aux
00100f50 t frame_dummy
00100f7c 00000020 T Carta::Carta()
00100f7c 00000020 T Carta::Carta()
00100f9c 00000064 T Carta::setValor(unsigned int)
00101000 00000050 T Carta::onTouch(float, float)
00101050 00000124 W void std::vector<Carta*, std::allocator<Carta*> >::_M_realloc_insert<Carta* const&>(__gnu_cxx::__normal_iterator<Carta**, std::vector<Carta*, std::allocator<Carta*> > >, Carta* const&)
00101174 000000e0 T Jugador::Jugador(Carta*, Carta*, Carta*)
00101174 000000e0 T Jugador::Jugador(Carta*, Carta*, Carta*)
00101254 0000007c T Partida::muestraVerdaderoValor(Carta*)
001012d0 00000078 T Partida::ocultaValor(Carta*)
00101348 0000018c W void std::vector<Carta, std::allocator<Carta> >::_M_realloc_insert<Carta const&>(__gnu_cxx::__normal_iterator<Carta*, std::vector<Carta, std::allocator<Carta> > >, Carta const&)
001014d4 00000324 W void std::vector<Jugador, std::allocator<Jugador> >::_M_realloc_insert<Jugador const&>(__gnu_cxx::__normal_iterator<Jugador*, std::vector<Jugador, std::allocator<Jugador> > >, Jugador const&)
001017f8 00000274 T Partida::Partida()
001017f8 00000274 T Partida::Partida()
00101a6c 00000124 W void std::vector<unsigned int, std::allocator<unsigned int> >::_M_realloc_insert<unsigned int const&>(__gnu_cxx::__normal_iterator<unsigned int*, std::vector<unsigned int, std::allocator<unsigned int> > >, unsigned int const&)
00101b90 0000029c T Partida::repartirCartas()
00101e2c 000002e4 T main
00102110 00000040 t _GLOBAL__sub_I_main
00102150 00000018 t _GLOBAL__sub_D_main
00102168 00000044 t C2Di_FrameEndHook
001021b0 0000036c T C2D_Init
0010251c 0000004c T C2D_Fini
00102568 000000b8 T C2D_Prepare
00102620 00000048 T C2D_Flush
00102668 00000104 T C2D_SceneSize
0010276c 00000064 T C2D_TargetClear
001027d0 0000013c T C2Di_CalcQuad
0010290c 00000058 T C2Di_AppendQuad
00102964 00000550 T C2Di_Update
00102eb4 000002b0 T C2D_DrawImage
00103164 0000006c T C2D_SpriteSheetLoadFromHandle
001031d0 00000048 T C2D_SpriteSheetLoad
00103218 00000028 T C2D_SpriteSheetFree
00103240 00000008 T C2D_SpriteSheetCount
00103248 0000002c T C2D_SpriteSheetGetImage
00103274 00000004 W C3Di_LightEnvUpdate
00103278 00000004 W C3Di_LightEnvDirty
0010327c 000000b4 t C3Di_AptEventHook
00103330 00000004 W C3Di_GasUpdate
00103334 000001e0 T C3D_Init
00103514 00000098 T C3D_SetViewport
001035ac 000004e8 T C3Di_UpdateContext
00103a94 000000e0 T C3Di_SplitFrame
00103b74 00000044 T C3D_Fini
00103bb8 00000114 T C3D_BindProgram
00103ccc 0000004c t onVBlank0
00103d18 0000004c t onVBlank1
00103d64 00000080 t C3Di_RenderTargetDestroy
00103de4 000000f4 t onQueueFinish
00103ed8 00000038 T C3Di_RenderQueueEnableVBlank
00103f10 00000030 T C3Di_RenderQueueDisableVBlank
00103f40 00000060 T C3Di_RenderQueueInit
00103fa0 000000b0 T C3Di_RenderQueueExit
00104050 00000034 T C3Di_RenderQueueWaitDone
00104084 000000e4 T C3D_FrameBegin
00104168 00000048 T C3D_FrameDrawOn
001041b0 00000058 T C3D_FrameSplit
00104208 000001d8 T C3D_FrameEnd
001043e0 0000001c T C3D_FrameEndHook
001043fc 00000184 T C3D_RenderTargetCreate
00104580 000000a8 T C3D_RenderTargetSetOutput
00104628 000000fc T C3D_SyncTextureCopy
00104724 00000294 T C3D_TexInitWithParams
001049b8 000000c8 T C3D_TexLoadImage
00104a80 00000044 T C3D_TexBind
00104ac4 00000074 T C3D_TexDelete
00104b38 0000016c T C3Di_SetTex
00104ca4 000003f4 t Tex3DSi_ImportCommon
00105098 00000038 T Tex3DS_TextureImportStdio
001050d0 00000008 T Tex3DS_GetNumSubTextures
001050d8 0000001c T Tex3DS_GetSubTexture
001050f4 00000004 T Tex3DS_TextureFree
001050f8 0000001c T C3D_CalcColorBufSize
00105114 0000001c T C3D_CalcDepthBufSize
00105130 00000044 T C3D_SetFrameBuf
00105174 0000016c T C3Di_FrameBufBind
001052e0 000000c8 T C3D_FrameBufClear
001053a8 00000044 T C3D_FrameBufTransfer
001053ec 00000034 T C3D_GetTexEnv
00105420 00000024 T C3Di_TexEnvBind
00105444 00000218 T C3D_DrawElements
0010565c 00000070 T C3D_ProcTexInit
001056cc 00000054 T C3D_ProcTexBind
00105720 0000005c T C3D_ProcTexLutBind
0010577c 000000a4 T ProcTexLut_FromArray
00105820 0000017c T C3Di_ProcTexUpdate
0010599c 00000068 T C3Di_ProcTexDirty
00105a04 00000024 T BufInfo_Init
00105a28 00000080 T BufInfo_Add
00105aa8 00000040 T C3D_SetBufInfo
00105ae8 00000048 T C3Di_BufInfoBind
00105b30 00000040 T C3D_DepthMap
00105b70 0000001c T C3D_CullFace
00105b8c 00000040 T C3D_StencilTest
00105bcc 00000024 T C3D_StencilOp
00105bf0 0000001c T C3D_BlendingColor
00105c0c 00000024 T C3D_EarlyDepthTest
00105c30 0000002c T C3D_DepthTest
00105c5c 0000002c T C3D_AlphaTest
00105c88 00000050 T C3D_AlphaBlend
00105cd8 00000030 T C3D_FragOpMode
00105d08 00000044 T C3D_FragOpShadow
00105d4c 000001ac T C3Di_EffectBind
00105ef8 00000028 T AttrInfo_Init
00105f20 00000094 T AttrInfo_AddLoader
00105fb4 00000054 T C3D_SetAttrInfo
00106008 00000080 T C3Di_AttrInfoBind
00106088 000000a8 T C3D_ImmSendAttrib
00106130 00000280 T C3D_UpdateUniforms
001063b0 000000c0 T C3Di_DirtyUniforms
00106470 000000d8 T C3Di_LoadShaderUniforms
00106548 00000028 T C3Di_ClearShaderUniforms
00106570 000000cc T Mtx_Ortho
0010663c 000000cc T Mtx_OrthoTilt
00106708 00000024 t addrMapNodeComparator(rbtree_node const*, rbtree_node const*)
0010672c 00000004 t addrMapNodeDestructor(rbtree_node*)
00106730 00000250 T vramMemAlignAt
00106980 0000000c T vramAlloc
0010698c 0000000c T vramAllocAt
00106998 00000090 T vramFree
00106a28 00000024 t addrMapNodeComparator(rbtree_node const*, rbtree_node const*)
00106a4c 00000004 t addrMapNodeDestructor(rbtree_node*)
00106a50 00000120 T linearMemAlign
00106b70 00000008 T linearAlloc
00106b78 0000005c T linearFree
00106bd4 00000080 T MemPool::CoalesceRight(MemBlock*)
00106c54 0000016c T MemPool::Allocate(MemChunk&, unsigned long, int)
00106dc0 000000fc T MemPool::Deallocate(MemChunk const&)
00106ebc 00000030 T MemPool::GetFreeSpace()
00106eec 00000008 t romfs_close
00106ef4 000000c0 t romfs_seek
00106fb4 00000024 t romfs_dirreset
00106fd8 000000c8 t fill_dir
001070a0 0000028c t romfs_dirnext
0010732c 00000084 t romfs_free
001073b0 000000d4 t searchForFile.constprop.0
00107484 000000d8 t searchForDir.constprop.0
0010755c 000001c0 t navigateToDir.constprop.0
0010771c 0000010c t romfs_open
00107828 0000004c t romfs_chdir
00107874 00000070 t romfs_diropen
001078e4 00000174 t romfs_stat
00107a58 00000008 t romfs_dirclose
00107a60 00000084 t romfs_fstat
00107ae4 000000d0 t romfs_read
00107bb4 0000028c T romfsMountFromFile
00107e40 00000098 T romfsMountFromCurrentProcess
00107ed8 00000260 T romfsMountSelf
00108138 000000a0 T romfsUnmount
001081d8 00000074 T osConvertVirtToPhys
0010824c 00000054 T osGetTimeRef
001082a0 000000ec T osGetTime
0010838c 00000034 T __ctru_speedup_config
001083c0 000001e8 t parseColor
001085a8 000001ac T consoleDrawChar
00108754 00000124 T consolePrintChar
00108878 00000b94 T con_write
0010940c 000000fc t newRow
00109508 00000168 T consoleInit
00109670 000000d0 t gfxPresentFramebuffer
00109740 0000001c T gfxIsWide
0010975c 000000ec T gfxSetScreenFormat
00109848 00000010 T gfxSetDoubleBuffering
00109858 000000e0 T gfxInit
00109938 00000010 T gfxInitDefault
00109948 000000b4 T gfxExit
001099fc 000000a0 T gfxGetFramebuffer
00109a9c 00000104 T gfxFlushBuffers
00109ba0 00000030 T gfxScreenSwapBuffers
00109bd0 00000050 T gfxSwapBuffersGpu
00109c20 000001d4 T shaderInstanceInit
00109df4 00000018 T shaderInstanceGetUniformLocation
00109e0c 0000001c T shaderProgramInit
00109e28 00000064 T shaderProgramFree
00109e8c 00000080 T shaderProgramSetVsh
00109f0c 000008e0 T shaderProgramConfigure
0010a7ec 000001cc t DVLE_GenerateOutmap.part.0
0010a9b8 000001b4 T DVLB_ParseFile
0010ab6c 00000038 T DVLB_Free
0010aba4 00000074 T DVLE_GetUniformRegister
0010ac18 00000010 T GX_BindQueue
0010ac28 00000078 T GX_ProcessCommandList
0010aca0 00000074 T GX_MemoryFill
0010ad14 00000070 T GX_DisplayTransfer
0010ad84 00000074 T GX_TextureCopy
0010adf8 00000068 t gxCmdQueueDoCommands.part.0
0010ae60 000000c8 T gxCmdQueueInterrupt
0010af28 0000004c T gxCmdQueueClear
0010af74 000000f8 T gxCmdQueueAdd
0010b06c 00000080 T gxCmdQueueRun
0010b0ec 00000060 T gxCmdQueueStop
0010b14c 00000074 T gxCmdQueueWait
0010b1c0 0000013c T GPUCMD_Add
0010b2fc 000000b0 T GPUCMD_Split
0010b3ac 00000034 T f32tof16
0010b3e0 00000034 T f32tof24
0010b414 00000038 T f32tof31
0010b44c 00000c58 t gspHardwareInit
0010c0a4 00000248 T gspInit
0010c2ec 000000f0 T gspExit
0010c3dc 00000010 T gspHasGpuRight
0010c3ec 000000a0 T gspPresentBuffer
0010c48c 00000030 T gspSetEventCallback
0010c4bc 00000044 T gspWaitForEvent
0010c500 0000004c T gspWaitForAnyEvent
0010c54c 00000158 t gspEventThreadMain
0010c6a4 00000130 T gspSubmitGxCommand
0010c7d4 00000050 T GSPGPU_FlushDataCache
0010c824 00000034 T GSPGPU_SetLcdForceBlack
0010c858 00000068 T GSPGPU_AcquireRight
0010c8c0 00000048 T GSPGPU_ReleaseRight
0010c908 0000007c T GSPGPU_ImportDisplayCaptureInfo
0010c984 0000002c T GSPGPU_SaveVramSysArea
0010c9b0 0000002c T GSPGPU_RestoreVramSysArea
0010c9dc 000001a4 t aptConvertScreenForCapture
0010cb80 00000008 W aptDspSleep
0010cb88 00000004 W aptDspWakeup
0010cb8c 00000004 W aptDspCancel
0010cb90 00000158 T aptSendCommand
0010cce8 00000044 t aptExitProcess
0010cd2c 000003b0 T aptExit
0010d0dc 000000e0 T aptHandleSleep
0010d1bc 00000030 T aptHook
0010d1ec 00000030 T aptUnhook
0010d21c 00000084 T APT_SleepIfShellClosed
0010d2a0 00000084 T aptSetSleepAllowed
0010d324 00000084 T APT_UnlockTransition
0010d3a8 000004a4 t aptEventHandler
0010d84c 000000b0 T APT_ReceiveParameter
0010d8fc 000000b0 t aptReceiveParameter.constprop.0
0010d9b0 000002ac t aptScreenTransfer
0010dc5c 00000344 t aptWaitForWakeUp.isra.0
0010dfa0 00000100 T aptJumpToHomeMenu
0010e0a0 00000048 T aptMainLoop
0010e0e8 0000022c T aptInit
0010e314 0000007c T APT_CheckNew3DS
0010e390 00000024 W hidShouldUseIrrst
0010e3b4 0000018c T hidInit
0010e540 000000e8 T hidExit
0010e628 000002a4 T hidScanInput
0010e8cc 00000010 T hidKeysDown
0010e8dc 00000018 T hidTouchRead
0010e8f4 00000074 T ptmSysmInit
0010e968 0000003c T ptmSysmExit
0010e9a4 00000034 T PTMSYSM_ConfigureNew3DSCPU
0010e9d8 000000cc T fsInit
0010eaa4 0000003c T fsExit
0010eae0 00000060 T fsExemptFromSession
0010eb40 00000050 T fsUnexemptFromSession
0010eb90 000000cc T FSUSER_OpenFile
0010ec5c 000000d4 T FSUSER_OpenFileDirectly
0010ed30 000000bc T FSUSER_DeleteFile
0010edec 000000f8 T FSUSER_RenameFile
0010eee4 000000bc T FSUSER_DeleteDirectory
0010efa0 000000d4 T FSUSER_CreateFile
0010f074 000000c4 T FSUSER_CreateDirectory
0010f138 000000f8 T FSUSER_RenameDirectory
0010f230 000000b4 T FSUSER_OpenDirectory
0010f2e4 00000098 T FSUSER_OpenArchive
0010f37c 0000008c T FSUSER_CloseArchive
0010f408 00000074 T FSUSER_GetSdmcArchiveResource
0010f47c 00000064 T FSUSER_IsSdmcWritable
0010f4e0 00000058 T FSFILE_Read
0010f538 00000060 T FSFILE_Write
0010f598 0000003c T FSFILE_GetSize
0010f5d4 00000028 T FSFILE_SetSize
0010f5fc 0000003c T FSFILE_Close
0010f638 00000024 T FSFILE_Flush
0010f65c 00000050 T FSDIR_Read
0010f6ac 0000003c T FSDIR_Close
0010f6e8 000000c4 t buffer_read
0010f7ac 000000d0 t iov_read
0010f87c 00000138 t iov_memmove
0010f9b4 000001dc t decompress_rle
0010fb90 00000244 t decompress_lzss
0010fdd4 00000424 t decompress_lz11
001101f8 000002d8 t decompress_huff
001104d0 00000010 T decompressCallback_Stdio
001104e0 000000dc T decompressHeader
001105bc 00000240 T decompressV
001107fc 00000010 T rbtree_init
0011080c 000001b4 t do_insert
001109c0 00000008 T rbtree_insert
001109c8 00000090 T rbtree_rotate
00110a58 00000318 T rbtree_remove
00110d70 00000074 T rbtree_find
00110de4 000000e8 T utf16_to_utf8
00110ecc 00000064 T decode_utf16
00110f30 000000c0 T utf8_to_utf16
00110ff0 000001e0 W __system_allocateHeaps
001111d0 00000038 W __libctru_init
00111208 00000170 W __system_initArgv
00111378 T svcControlMemory
00111398 T svcQueryMemory
001113c8 T svcExitProcess
001113d0 T svcCreateThread
001113f0 T svcExitThread
001113f8 T svcSleepThread
00111400 T svcReleaseMutex
00111408 T svcCreateEvent
0011141c T svcSignalEvent
00111424 T svcClearEvent
0011142c T svcMapMemoryBlock
00111434 T svcUnmapMemoryBlock
0011143c T svcCreateAddressArbiter
00111450 T svcArbitrateAddressNoTimeout
00111458 T svcCloseHandle
00111460 T svcWaitSynchronization
00111468 T svcWaitSynchronizationN
00111490 T svcDuplicateHandle
001114a4 T svcGetSystemTick
001114ac T svcConnectToPort
001114c0 T svcSendSyncRequest
001114c8 T svcGetResourceLimit
001114dc T svcGetResourceLimitLimitValues
001114e4 T svcGetResourceLimitCurrentValues
001114ec T svcBreak
001114f4 W initSystem
00111544 W __ctru_exit
0011155c T __aeabi_read_tp
00111568 0000000c T __sync_init
00111574 00000018 T __sync_fini
0011158c 0000002c T syncArbitrateAddress
001115b8 000000b0 T LightLock_Lock
00111668 00000040 T LightLock_Unlock
001116a8 00000024 T RecursiveLock_Init
001116cc 00000030 T RecursiveLock_Lock
001116fc 00000054 T RecursiveLock_Unlock
00111750 00000040 T LightEvent_Init
00111790 000000a4 T LightEvent_Clear
00111834 000000c8 T LightEvent_Signal
001118fc 00000050 T LightEvent_TryWait
0011194c 000000b0 T LightEvent_Wait
001119fc 00000084 W envGetHandle
00111a80 00000050 W envDestroyHandles
00111ad0 00000130 T srvInit
00111c00 00000058 T srvExit
00111c58 00000060 T srvEnableNotification
00111cb8 000000a0 T srvGetServiceHandleDirect
00111d58 00000038 T srvGetServiceHandle
00111d90 00000034 T srvSubscribe
00111dc4 00000060 T srvReceiveNotification
00111e24 00000038 T srvPublishToSubscriber
00111e5c 000001d0 T threadCreate
0011202c 0000002c T threadFree
00112058 00000024 T threadJoin
0011207c 00000030 T threadGetCurrent
001120ac 00000040 T threadExit
001120ec 00000020 t _thread_begin
0011210c 000000b4 t mappableFindAddressWithin
001121c0 00000028 T mappableInit
001121e8 00000080 T mappableAlloc
00112268 00000004 T mappableFree
0011226c 00000164 T irrstInit
001123d0 000000cc T irrstExit
0011249c 000000b4 T irrstScanInput
00112550 00000024 T irrstKeysHeld
00112574 0000000c T srvPmGetSessionHandle
00112580 0000005c T rbtree_node_next
001125dc 00000054 T encode_utf16
00112630 000000e0 T encode_utf8
00112710 0000013c T decode_utf8
0011284c 00000030 W __appInit
0011287c 00000030 T __syscall_getreent
001128ac 00000064 T __syscall_gettod_r
00112910 00000004 T __syscall_lock_acquire
00112914 00000004 T __syscall_lock_release
00112918 00000004 T __syscall_lock_init_recursive
0011291c 00000004 T __syscall_lock_acquire_recursive
00112920 00000004 T __syscall_lock_release_recursive
00112924 00000004 T __syscall_exit
00112928 00000050 T initThreadVars
00112978 00000080 T __system_initSyscalls
001129f8 00000030 W __appExit
00112a28 00000090 W __libctru_exit
00112ab8 00000014 t archive_link
00112acc 00000014 t archive_dirreset
00112ae0 00000014 t archive_chmod
00112af4 00000024 t error_cmp
00112b18 00000050 t archive_translate_error
00112b68 000000c8 t archive_seek
00112c30 0000007c t _archiveInit.part.0
00112cac 000000c4 t archiveFindDevice.part.0
00112d70 0000025c t archive_utf16path
00112fcc 000000a0 t _archiveUnmountDeviceStruct.part.0
0011306c 00000014 t archive_fchmod
00113080 00000014 t archive_statvfs
00113094 00000164 t _archiveMountDevice
001131f8 000000e8 t archive_diropen
001132e0 000000a4 t archive_fstat
00113384 0000006c t archive_close
001133f0 0000006c t archive_fsync
0011345c 00000070 t archive_dirclose
001134cc 000000e8 t sdmc_statvfs
001135b4 000000ec t archive_chdir
001136a0 0000007c t archive_ftruncate
0011371c 000000ac t archive_read
001137c8 000000a4 t archive_unlink
0011386c 000000bc t archive_rmdir
00113928 000000dc t archive_mkdir
00113a04 0000019c t archive_stat
00113ba0 0000015c t archive_dirnext
00113cfc 000000ec t archive_write
00113de8 000001d4 t archive_open
00113fbc 00000278 t archive_rename
00114234 0000019c T archiveMountSdmc
001143d0 00000054 T archiveUnmountAll
00114424 00000004 T operator delete(void*)
00114428 0000005c T operator new(unsigned int)
00114484 0000002c T std::__throw_bad_alloc()
001144b0 0000002c T std::__throw_bad_array_new_length()
001144dc 00000040 T std::__throw_logic_error(char const*)
0011451c 00000040 T std::__throw_length_error(char const*)
0011455c 0000000c T std::bad_alloc::what() const
00114568 00000020 T std::bad_alloc::~bad_alloc()
00114568 00000020 T std::bad_alloc::~bad_alloc()
00114588 0000002c T std::bad_alloc::~bad_alloc()
001145b4 0000000c T std::bad_array_new_length::what() const
001145c0 00000020 T std::bad_array_new_length::~bad_array_new_length()
001145c0 00000020 T std::bad_array_new_length::~bad_array_new_length()
001145e0 0000002c T std::bad_array_new_length::~bad_array_new_length()
0011460c 00000004 T operator delete(void*, unsigned int)
00114610 000000c8 t (anonymous namespace)::pool::free(void*) [clone .constprop.0]
001146d8 00000098 t (anonymous namespace)::pool::allocate(unsigned int) [clone .constprop.0]
00114770 00000044 T __cxa_allocate_exception
001147b4 00000030 T __cxa_free_exception
001147e4 0000003c t _GLOBAL__sub_I__ZN9__gnu_cxx9__freeresEv
00114820 T __cxa_end_cleanup
00114830 0000012c T __cxa_type_match
0011495c 000000b4 T __cxa_begin_cleanup
00114a10 000000b4 T __gnu_end_cleanup
00114ac4 00000004 T std::exception::~exception()
00114ac4 00000004 T std::exception::~exception()
00114ac8 00000004 T std::bad_exception::~bad_exception()
00114ac8 00000004 T std::bad_exception::~bad_exception()
00114acc 0000000c T transaction clone for std::bad_exception::what() const
00114acc 0000000c T std::bad_exception::what() const
00114ad8 00000018 T std::bad_exception::~bad_exception()
00114af0 0000000c T __cxa_get_globals_fast
00114afc 0000000c T __cxa_get_globals
00114b08 0000016c t read_encoded_value_with_base(unsigned char, unsigned int, unsigned char const*, unsigned int*)
00114c74 00000058 t base_of_encoded_value(unsigned char, _Unwind_Context*)
00114ccc 000000d8 t parse_lsda_header(_Unwind_Context*, unsigned char const*, lsda_header_info*)
00114da4 000006c8 T __gxx_personality_v0
0011546c 00000014 T __cxxabiv1::__terminate(void (*)())
00115480 00000018 T std::terminate()
00115498 0000000c T __cxxabiv1::__unexpected(void (*)())
001154a4 00000018 T std::unexpected()
001154bc 00000014 T std::get_terminate()
001154d0 00000014 T std::get_unexpected()
001154e4 00000060 t __gxx_exception_cleanup(_Unwind_Reason_Code, _Unwind_Control_Block*)
00115544 00000058 T __cxa_init_primary_exception
0011559c 00000054 T __cxa_throw
001155f0 000000b0 T __cxa_rethrow
001156a0 00000014 T std::get_new_handler()
001156b4 00000020 T __cxxabiv1::__si_class_type_info::~__si_class_type_info()
001156b4 00000020 T __cxxabiv1::__si_class_type_info::~__si_class_type_info()
001156d4 0000002c T __cxxabiv1::__si_class_type_info::~__si_class_type_info()
00115700 0000006c T __cxxabiv1::__si_class_type_info::__do_find_public_src(int, void const*, __cxxabiv1::__class_type_info const*, void const*) const
0011576c 000000dc T __cxxabiv1::__si_class_type_info::__do_dyncast(int, __cxxabiv1::__class_type_info::__sub_kind, __cxxabiv1::__class_type_info const*, void const*, __cxxabiv1::__class_type_info const*, void const*, __cxxabiv1::__class_type_info::__dyncast_result&) const
00115848 00000044 T __cxxabiv1::__si_class_type_info::__do_upcast(__cxxabiv1::__class_type_info const*, void const*, __cxxabiv1::__class_type_info::__upcast_result&) const
0011588c 00000004 T std::type_info::~type_info()
0011588c 00000004 T std::type_info::~type_info()
00115890 00000008 T std::type_info::__is_pointer_p() const
00115890 00000008 T std::type_info::__is_function_p() const
00115898 0000004c T std::type_info::__equal(std::type_info const&) const
00115898 0000004c T std::type_info::operator==(std::type_info const&) const
001158e4 00000008 T std::logic_error::what() const
001158e4 00000008 T std::runtime_error::what() const
001158ec 00000064 T std::logic_error::~logic_error()
001158ec 00000064 T std::logic_error::~logic_error()
00115950 00000064 T std::length_error::~length_error()
00115950 00000064 T std::length_error::~length_error()
001159b4 0000006c T std::logic_error::~logic_error()
00115a20 0000006c T std::length_error::~length_error()
00115a8c 000000d4 T std::logic_error::logic_error(char const*)
00115a8c 000000d4 T std::logic_error::logic_error(char const*)
00115b60 00000020 T std::length_error::length_error(char const*)
00115b60 00000020 T std::length_error::length_error(char const*)
00115b80 0000008c W std::string::_Rep::_S_create(unsigned int, unsigned int, std::allocator<char> const&)
00115c0c 00000004 W std::string::_Rep::_M_destroy(std::allocator<char> const&)
00115c10 0000005c T __cxxabiv1::__class_type_info::__do_upcast(__cxxabiv1::__class_type_info const*, void**) const
00115c6c 00000014 T __cxxabiv1::__class_type_info::__do_find_public_src(int, void const*, __cxxabiv1::__class_type_info const*, void const*) const
00115c80 00000020 T __cxxabiv1::__class_type_info::~__class_type_info()
00115c80 00000020 T __cxxabiv1::__class_type_info::~__class_type_info()
00115ca0 0000002c T __cxxabiv1::__class_type_info::~__class_type_info()
00115ccc 00000068 T __cxxabiv1::__class_type_info::__do_dyncast(int, __cxxabiv1::__class_type_info::__sub_kind, __cxxabiv1::__class_type_info const*, void const*, __cxxabiv1::__class_type_info const*, void const*, __cxxabiv1::__class_type_info::__dyncast_result&) const
00115d34 0000002c T __cxxabiv1::__class_type_info::__do_upcast(__cxxabiv1::__class_type_info const*, void const*, __cxxabiv1::__class_type_info::__upcast_result&) const
00115d60 00000044 T __cxxabiv1::__class_type_info::__do_catch(std::type_info const*, void**, unsigned int) const
00115da4 00000070 t __cxxabiv1::__is_gxx_exception_class(char*)
00115e14 0000002c T __cxa_call_terminate
00115e40 00000138 T __cxa_call_unexpected
00115f78 000000cc T __cxa_begin_catch
00116044 000000e0 T __cxa_end_catch
00116128 0000022c T cosf
00116354 00000024 t with_errnof
00116378 0000001c T __math_invalidf
00116398 0000024c T sinf
001165e4 00000120 T __udivmoddi4
00116704 00000018 t selfrel_offset31
0011671c 00000090 t search_EIT_table
001167ac 00000040 t __gnu_unwind_get_pr_addr
001167ec 000000f4 t get_eit_entry
001168e0 00000088 t restore_non_core_regs
00116968 00000014 t _Unwind_decode_typeinfo_ptr.constprop.0
0011697c 00000004 t _Unwind_DebugHook
00116980 00000064 t unwind_phase2
001169e4 00000140 t unwind_phase2_forced
00116b24 000000a4 T __gnu_Unwind_RaiseException
00116bc8 00000028 T __gnu_Unwind_ForcedUnwind
00116bf0 00000074 T __gnu_Unwind_Resume
00116c64 00000020 T __gnu_Unwind_Resume_or_Rethrow
00116c84 00000004 T _Unwind_Complete
00116c88 00000018 T _Unwind_DeleteException
00116ca0 0000005c T _Unwind_VRS_Get
00116cfc 0000002c t _Unwind_GetGR
00116d28 0000005c T _Unwind_VRS_Set
00116d84 0000002c t _Unwind_SetGR
00116db0 000000c0 T __gnu_Unwind_Backtrace
00116e70 00000414 t __gnu_unwind_pr_common
00117284 00000008 T __aeabi_unwind_cpp_pr0
0011728c 00000008 W __aeabi_unwind_cpp_pr1
00117294 00000008 W __aeabi_unwind_cpp_pr2
0011729c 000003dc T _Unwind_VRS_Pop
00117678 00000064 t next_unwind_byte
001176dc 0000002c t _Unwind_GetGR.constprop.0
00117708 00000004 t unwind_UCB_from_context
0011770c 00000418 T __gnu_unwind_execute
00117b24 00000048 T __gnu_unwind_frame
00117b6c 00000010 T _Unwind_GetRegionStart
00117b7c 0000001c T _Unwind_GetLanguageSpecificData
00117b98 00000008 T _Unwind_GetDataRelBase
00117ba0 00000008 T _Unwind_GetTextRelBase
00117ba8 00000014 T abort
00117bbc 00000078 T bsearch
00117c34 00000020 T calloc
00117c54 000000c0 T _calloc_r
00117d14 0000000c T __errno
00117d20 00000034 T exit
00117d54 0000015c T _fclose_r
00117eb0 00000018 T fclose
00117ec8 00000234 T __sflush_r
001180fc 00000094 T _fflush_r
00118190 00000038 T fflush
001181c8 0000000c T _cleanup_r
001181d4 00000184 T __sinit
00118358 00000134 T __sfp
0011848c 0000000c T __sfp_lock_acquire
00118498 0000000c T __sfp_lock_release
001184a4 0000003c T __libc_fini_array
001184e0 00000134 T _fopen_r
00118614 00000020 T fopen
00118634 000002d0 T _fread_r
00118904 00000038 T fread
0011893c 000000f8 T _malloc_trim_r
00118a34 000002e8 T _free_r
00118d1c 0000001c T _fseek_r
00118d38 00000590 T _fseeko_r
001192c8 00000068 T _fwalk
00119330 00000070 T _fwalk_reent
001193a0 00000084 T __libc_init_array
00119424 00000138 T __smakebuf_r
0011955c 0000008c T __swhatbuf_r
001195e8 00000020 T memalign
00119608 0000014c T _memalign_r
00119754 00000018 T malloc
0011976c 00000018 T free
00119784 000007e4 T _malloc_r
00119f68 000000e4 T memchr
0011a04c 000000b0 T memcmp
0011a0fc 00000118 T memcpy
0011a214 00000150 T memmove
0011a364 000000f4 T memset
0011a458 0000000c T __malloc_lock
0011a464 0000000c T __malloc_unlock
0011a470 00000034 T printf
0011a4a4 0000001c T srand
0011a4c0 00000044 T rand
0011a504 0000001c t lflush
0011a520 00000198 T __srefill_r
0011a6b8 0000025c T setvbuf
0011a914 00000090 T _raise_r
0011a9a4 00000018 T raise
0011a9bc 00000074 T sscanf
0011aa30 00000044 T __sread
0011aa74 00000008 T __seofread
0011aa7c 00000068 T __swrite
0011aae4 00000044 T __sseek
0011ab28 00000008 T __sclose
0011ab30 00000130 T strchr
0011ac60 0000005c T strlen
0011acbc 000000e4 T strncat
0011ada0 000000e4 T strncmp
0011ae84 000000c4 T strncpy
0011af48 00000048 T strnlen
0011af90 000001c4 t _strtoul_l.constprop.0
0011b154 00000004 T _strtoul_r
0011b158 00000028 T strtoul
0011b180 00000050 t get_arg
0011b1d0 00002c38 T __ssvfscanf_r
0011de08 0000003c T time
0011de44 0000066c t get_arg
0011e4b0 0000339c T _vfprintf_r
0012184c 000000d0 t __sbprintf
0012191c 00000054 T _wcrtomb_r
00121970 00000028 T _wcsrtombs_r
00121998 0000013c T __swsetup_r
00121ad4 00000114 T __call_exitprocs
00121be8 000001b0 t quorem
00121d98 000011f8 T _dtoa_r
00122f90 000000c8 T __sflags
00123058 00000008 T iswspace
00123060 0000000c T _localeconv_r
0012306c 00000010 T __locale_mb_cur_max
0012307c 00000068 T _mbrtowc_r
001230e4 000002f8 T __utf8_mbtowc
001233dc 00000088 T _Balloc
00123464 0000001c T _Bfree
00123480 000000f4 T __multadd
00123574 00000110 T __s2b
00123684 00000060 T __hi0bits
001236e4 0000009c T __lo0bits
00123780 000000a8 T __i2b
00123828 00000204 T __multiply
00123a2c 00000124 T __pow5mult
00123b50 00000140 T __lshift
00123c90 00000058 T __mcmp
00123ce8 000001ec T __mdiff
00123ed4 00000068 T __ulp
00123f3c 000000d0 T __b2d
0012400c 00000120 T __d2b
0012412c 00000078 T __ratio
001241a4 00000088 T __copybits
0012422c 0000005c T __any_on
00124288 00000020 T realloc
001242a8 000004a0 T _realloc_r
00124748 000000f4 T __sccl
0012483c 0000000c T nanf
00124848 00000088 T frexp
001248d0 00000064 T sprintf
00124934 000000cc T stpncpy
00124a00 00000064 t sulp
00124a68 000013a8 T _strtod_l
00125e10 0000000c T _strtod_r
00125e1c 0000022c t _strtoll_l.constprop.0
00126048 00000004 T _strtoll_r
0012604c 000001a4 t _strtol_l.part.0
001261f0 0000003c T _strtol_r
0012622c 00000244 t _strtoull_l.constprop.0
00126470 00000004 T _strtoull_r
00126474 00000188 T __ssprint_r
001265fc 000000d4 T _sungetc_r
001266d0 0000006c T __ssrefill_r
0012673c 000000c4 T _sfread_r
00126800 0000066c t get_arg
00126e70 00003334 T _svfprintf_r
0012a1a4 000000a8 T __submore
0012a24c 0000066c t get_arg
0012a8b8 00000030 T __sprint_r
0012a8e8 000022ec T _vfiprintf_r
0012cbd4 000000d0 t __sbprintf
0012cca4 00000188 T _wcsnrtombs_l
0012ce2c 0000004c T _wcsnrtombs_r
0012ce78 000000f0 T __utf8_wctomb
0012cf68 0000005c T __assert_func
0012cfc4 0000003c T fiprintf
0012d000 000004b4 T __sfvwrite_r
0012d4b4 000000f0 t rshift
0012d5a4 00000814 T __gethex
0012ddb8 0000004c T __match
0012de04 0000029c T __hexnan
0012e0a0 0000003c T iswspace_l
0012e0dc 000001d8 t __jp2uc
0012e2b4 0000009c T _jp2uc_l
0012e350 00000010 T nan
0012e360 0000008c T category
0012e3ec 00000008 t null_write
0012e3f4 00000018 T setDefaultDevice
0012e40c 000000c8 T FindDevice
0012e4d4 00000028 T RemoveDevice
0012e4fc 0000009c T AddDevice
0012e598 00000020 T GetDeviceOpTab
0012e5b8 00000078 T _fstat_r
0012e630 00000014 T _getpid_r
0012e644 00000030 T _gettimeofday_r
0012e674 00000008 T _isatty_r
0012e67c 00000014 T _kill_r
0012e690 00000084 T _lseek_r
0012e714 000000c0 T _open_r
0012e7d4 00000080 T _read_r
0012e854 00000078 T _sbrk_r
0012e8cc 00000080 T _write_r
0012e94c 00000020 T _exit
0012e96c 000001a4 T _concatenate_path
0012eb10 00000140 T chdir
0012ec50 00000008 T __flockfile
0012ec58 00000008 T __funlockfile
0012ec60 0000008c T __release_handle
0012ecec 000000b0 T __alloc_handle
0012ed9c 0000003c T __get_handle
0012edd8 000000f4 T _close_r
0012eecc 0000002c T __getreent
0012eef8 0000001c T __libc_lock_acquire
0012ef14 0000001c T __libc_lock_release
0012ef30 0000001c T __libc_lock_init_recursive
0012ef4c 0000001c T __libc_lock_acquire_recursive
0012ef68 0000001c T __libc_lock_release_recursive
0012ef84 0000001c T __libc_lock_close_recursive
0012efa0 00000038 T __aeabi_d2lz
0012efa0 00000038 T __fixdfdi
0012efd8 00000040 T __aeabi_d2ulz
0012efd8 00000040 T __fixunsdfdi
0012f018 00000048 T strrchr
0012f060 T _fini
0013008c 00000008 r s_defaultTint.0
00130098 R render2d_shbin
00130224 R render2d_shbin_end
00130224 R render2d_shbin_size
00130228 00000038 r CSWTCH.19
00130260 00000005 r colorFmtSizes
00130268 00000004 r depthFmtSizes
0013026c 00000010 r CSWTCH.9
001302a0 00000070 r romFS_devoptab
00130388 00000070 r dotab_stdout
001303f8 00000018 r grayScale
00130410 00000006 r colorCube
00130418 00000030 r colorTable
0013046c 00000008 r morton_y.2
00130474 00000008 r morton_x.3
0013047c 00000008 r s_sleepWakeEvents.4
001304bc R default_font_bin
00130cbc R default_font_bin_end
00130ce0 00000030 r error_table
00130d18 00000070 r archive_devoptab
00130d98 0000000d R typeinfo name for std::bad_alloc
00130da8 0000000c R typeinfo for std::bad_alloc
00130db4 00000014 R vtable for std::bad_alloc
00130de4 00000019 R typeinfo name for std::bad_array_new_length
00130e00 0000000c R typeinfo for std::bad_array_new_length
00130e0c 00000014 R vtable for std::bad_array_new_length
00130e34 0000000d R typeinfo name for std::exception
00130e44 00000008 R typeinfo for std::exception
00130e4c 00000012 R typeinfo name for std::bad_exception
00130e60 0000000c R typeinfo for std::bad_exception
00130e6c 00000020 R typeinfo name for __cxxabiv1::__forced_unwind
00130e8c 00000008 R typeinfo for __cxxabiv1::__forced_unwind
00130e94 00000024 R typeinfo name for __cxxabiv1::__foreign_exception
00130eb8 00000008 R typeinfo for __cxxabiv1::__foreign_exception
00130ec0 00000014 R vtable for std::bad_exception
00130ed4 00000025 R typeinfo name for __cxxabiv1::__si_class_type_info
00130efc 0000000c R typeinfo for __cxxabiv1::__si_class_type_info
00130f08 0000002c R vtable for __cxxabiv1::__si_class_type_info
00130f34 0000000d R typeinfo name for std::type_info
00130f44 00000008 R typeinfo for std::type_info
00130f4c 00000010 R typeinfo name for std::logic_error
00130f5c 0000000c R typeinfo for std::logic_error
00130f68 00000011 R typeinfo name for std::length_error
00130f7c 0000000c R typeinfo for std::length_error
00130f88 00000014 R vtable for std::logic_error
00130f9c 00000014 R vtable for std::length_error
00130ff4 00000022 R typeinfo name for __cxxabiv1::__class_type_info
00131018 0000000c R typeinfo for __cxxabiv1::__class_type_info
00131024 0000002c R vtable for __cxxabiv1::__class_type_info
00131050 00000060 R __inv_pio4
001310b0 000000e0 R __sincosf_table
00131190 00000004 R _global_impure_ptr
0013119c 00000022 r basefix.0
001311fc 00000010 r zeroes.0
0013120c 00000010 r blanks.1
0013121c 00000101 R _ctype_
00131330 r .LC2
00131420 0000000c r p05.0
00131430 00000028 R __mprec_bigtens
00131458 000000c8 R __mprec_tens
00131530 00000014 r fpinan.0
00131544 00000014 r fpi.1
00131558 00000028 r tinytens
00131580 0000006c R __action_table
001315ec 0000006c R __state_table
00131658 00000100 R __chclass
00131758 00000010 r zeroes.0
00131768 00000010 r blanks.1
00131778 00000010 r zeroes.0
00131788 00000010 r blanks.1
00131828 00000100 R __hexdig
0013193c 00001a7c r d02f4
001333b8 0000172a r b02cf
00134ae4 00000040 r a8
00134b24 000000a2 r a7
00134bc8 00000070 r a6
00134c38 0000005b r a3
00134c94 000000bc r a2
00134d50 000000bc r a1
00134e0c 00003528 r categories
00138334 00000070 R dotab_stdnull
001383a4 R __tdata_align
001383a8 r 
00138454 R __exidx_start
001385e4 R __exidx_end
00139000 00000004 d framerate
00139004 00000008 d framerateCounter
0013900c 00000001 d firstConsoleInit.0
00139010 00000004 D currentConsole
00139014 00000048 D defaultConsole
0013905c 00000004 d queueLock
00139060 00000004 d kCount
00139064 00000004 d kInterval
00139068 00000004 d kDelay
0013906c W __stacksize__
00139070 00000004 D __cxxabiv1::__unexpected_handler
00139074 00000004 D __cxxabiv1::__terminate_handler
00139078 00000004 D _impure_ptr
00139080 00000460 d impure_data
001394e0 00000004 D __malloc_sbrk_base
001394e4 00000004 D __malloc_trim_threshold
001394e8 00000408 D __malloc_av_
001398f0 0000016c D __global_locale
00139a5c 0000008c D devoptab_list
00139ae8 00000004 d defaultDevice
00139aec 00000400 d _current_working_directory
00139eec 00001000 d handles
0013aeec 0000000c d __stderr_handle
0013aef8 0000000c d __stdout_handle
0013af04 0000000c d __stdin_handle
0013af18 d _GLOBAL_OFFSET_TABLE_
0013af24 d __frame_dummy_init_array_entry
0013af24 D __init_array_start
0013af24 B __preinit_array_end
0013af24 B __preinit_array_start
0013af24 D __tdata_lma
0013af24 D __tdata_lma_end
0013af30 d __do_global_dtors_aux_fini_array_entry
0013af30 D __fini_array_start
0013af30 D __init_array_end
0013af38 D __bss_start__
0013af38 D __fini_array_end
0013af38 00000330 b sprites
0013b268 0000000c b cartasRepartidas
0013b274 b completed.1
0013b278 b object.0
0013b290 000005a8 B __C2Di_Context
0013b838 00000040 b s_projBot
0013b878 00000040 b s_projTop
0013b8b8 00000004 b uLoc_mdlvMtx
0013b8bc 00000004 b uLoc_projMtx
0013b8c0 000002d0 B __C3D_Context
0013bb90 0000000c b hookCookie
0013bba0 00000010 b cpuTime
0013bbb0 00000004 b firstTarget
0013bbb4 00000008 b frameCounter
0013bbbc 00000004 b frameEndCb
0013bbc0 00000004 b frameEndCbData
0013bbc8 00000010 b gpuTime
0013bbd8 00000001 b inFrame
0013bbd9 00000001 b inSafeTransfer
0013bbda 00000001 b isTopStereo
0013bbdc 00000004 b lastTarget
0013bbe0 0000000c b linkedTarget
0013bbec 00000001 b measureGpuTime
0013bbed 00000001 b needSwapBot
0013bbee 00000001 b needSwapTop
0013bbf0 00000004 B C3D_BoolUnifs
0013bbf4 00000002 B C3D_BoolUnifsDirty
0013bbf8 00000c00 B C3D_FVUnif
0013c7f8 000000c0 B C3D_FVUnifDirty
0013c8b8 00000020 B C3D_IVUnif
0013c8d8 00000008 B C3D_IVUnifDirty
0013c8e0 000000c0 b C3Di_FVUnifEverDirty
0013c9a0 00000008 b C3Di_IVUnifEverDirty
0013c9a8 00000018 b C3Di_ShaderFVecData
0013c9c0 00000008 b sVramPoolB
0013c9c8 00000008 b sVramPoolA
0013c9d0 0000000c b sAddrMap
0013c9e0 00000008 b sLinearPool
0013c9e8 0000000c b sAddrMap
0013c9f4 00000004 b romfs_mount_list
0013c9f8 00000004 V __romfs_path
0013c9fc 00000001 V __ctru_speedup
0013ca00 00000048 B currentCopy
0013ca48 00000004 b screenAlloc
0013ca4c 00000004 b screenFree
0013ca50 00000002 b gfxIsDoubleBuf
0013ca54 00000002 b gfxCurBuf
0013ca56 00000001 b gfxIsVram
0013ca57 00000001 b gfxTopMode
0013ca58 00000002 b gfxFramebufferFormats
0013ca5c 00000004 b gfxBottomFramebufferMaxSize
0013ca60 00000004 b gfxTopFramebufferMaxSize
0013ca68 00000008 b gfxBottomFramebuffers
0013ca70 00000008 b gfxTopFramebuffers
0013ca78 00000004 b boundQueue
0013ca7c 00000001 b shouldStop
0013ca7d 00000001 b isRunning
0013ca7e 00000001 b isActive
0013ca80 00000004 b curQueue
0013ca84 00000004 B gpuCmdBufOffset
0013ca88 00000004 B gpuCmdBufSize
0013ca8c 00000004 B gpuCmdBuf
0013ca90 00000007 b gspEventCbOneShot
0013ca98 0000001c b gspEventCbData
0013cab4 0000001c b gspEventCb
0013cad0 00000038 b gspEvents
0013cb08 00000004 b gspLastEvent
0013cb0c 00000001 b gspRunEvents
0013cb10 00000004 b gspEventThread
0013cb14 00000004 b gspEvent
0013cb18 00000001 b gspGpuRight
0013cb19 00000001 b gspThreadId
0013cb1c 00000004 b gspSharedMem
0013cb20 00000004 b gspSharedMemHandle
0013cb24 00000004 b gspRefCount
0013cb28 00000004 b gspGpuHandle
0013cb2c 00000001 b flagValue.0
0013cb2d 00000001 b flagInit.1
0013cb30 00000004 b serviceName.6
0013cb34 00000001 b aptChainloadMediatype
0013cb38 00000008 b aptChainloadTid
0013cb40 00000001 b aptChainloadFlags
0013cb44 00001000 b aptParameters
0013db44 00000004 b aptFlags
0013db48 00000001 b aptHomeButtonState
0013db4c 00000004 b aptMessageFuncData
0013db50 00000004 b aptMessageFunc
0013db54 0000000c b aptFirstHook
0013db60 00000001 b aptEventHandlerThreadQuit
0013db64 00000004 b aptEventHandlerThread
0013db68 00000008 b aptSleepEvent
0013db70 00000008 b aptReceiveEvent
0013db78 00000008 b aptEvents
0013db80 00000004 b aptLockHandle
0013db84 00000004 b aptRefCount
0013db88 00000001 b usingIrrst
0013db8c 00000004 b hidRefCount
0013db90 00000006 b gRate
0013db98 00000006 b aVec
0013dba0 00000004 b cPos
0013dba4 00000004 b tPos
0013dba8 00000004 b kRepeat
0013dbac 00000004 b kUp
0013dbb0 00000004 b kDown
0013dbb4 00000004 b kHeld
0013dbb8 00000004 b kOld
0013dbbc 00000004 B hidSharedMem
0013dbc0 00000014 B hidEvents
0013dbd4 00000004 B hidMemHandle
0013dbd8 00000004 B hidHandle
0013dbdc 00000004 b ptmSysmRefCount
0013dbe0 00000004 b ptmSysmHandle
0013dbe8 00000080 b fsExemptArchives
0013dc68 00000004 b fsuRefCount
0013dc6c 00000004 b fsuHandle
0013dc70 00000004 V __ctru_linear_heap_size
0013dc74 00000004 V __ctru_heap_size
0013dc78 00000004 B __ctru_linear_heap
0013dc7c 00000004 B __ctru_heap
0013dc80 00000004 B __system_retAddr
0013dc84 00000004 B __system_argv
0013dc88 00000004 B __system_argc
0013dc8c b saved_stack
0013dc94 00000004 b arbiter
0013dc98 00000004 B __3dslink_host
0013dc9c 00000004 b srvRefCount
0013dca0 00000004 b srvHandle
0013dca4 00000004 b currentAddr
0013dca8 00000004 b maxAddr
0013dcac 00000004 b minAddr
0013dcb0 00000004 b irrstRefCount
0013dcb4 00000004 b csPos
0013dcb8 00000004 b kHeld
0013dcbc 00000004 B irrstSharedMem
0013dcc0 00000004 B irrstEvent
0013dcc4 00000004 B irrstMemHandle
0013dcc8 00000004 B irrstHandle
0013dccc 00000004 b srvPmHandle
0013dcd0 00000540 b archive_devices
0013e210 00000004 b archive_device_cwd
0013e214 00000001 b archive_initialized
0013e218 00000010 b (anonymous namespace)::emergency_pool
0013e228 0000000c b (anonymous namespace)::eh_globals
0013e234 00000004 b (anonymous namespace)::__new_handler
0013e238 00000010 V std::string::_Rep::_S_empty_rep_storage
0013e248 0000000c b __sinit_recursive_mutex
0013e254 0000000c b __sfp_recursive_mutex
0013e260 00000028 B __malloc_current_mallinfo
0013e288 00000004 B __malloc_max_total_mem
0013e28c 00000004 B __malloc_max_sbrked_mem
0013e290 00000004 B __malloc_top_pad
0013e294 0000000c b __malloc_recursive_mutex
0013e2a0 0000000c B __atexit_recursive_mutex
0013e2ac 00000004 b heap_start.0
0013e2b0 00000004 B fake_heap_start
0013e2b4 00000004 B fake_heap_end
0013e2b8 00000400 b temp_cwd
0013e6b8 00000004 b __hndl_lock
0013e6bc B __tls_start
0013f2c4 B __bss_end__
0013f2c4 A __end__
0013f2c4 B __tls_end
